<?xml version="1.0" encoding="UTF-8"?>
<!-- Generated by org.testng.reporters.JUnitReportReporter -->
<testsuite hostname="ATUL" failures="0" tests="3" name="com.gb.TestCases.LoginPageTest" time="39.319" errors="0" timestamp="2023-08-03T21:12:33 IST" skipped="0">
  <testcase classname="com.gb.TestCases.LoginPageTest" name="loginTest" time="12.771"/>
  <testcase classname="com.gb.TestCases.LoginPageTest" name="loginPageTitleTest" time="16.954"/>
  <testcase classname="com.gb.TestCases.LoginPageTest" name="GuruLoginPageHeaderTest" time="9.594"/>
</testsuite> <!-- com.gb.TestCases.LoginPageTest -->
