<?xml version="1.0" encoding="UTF-8"?>
<!-- Generated by org.testng.reporters.JUnitReportReporter -->
<testsuite hostname="ATUL" failures="0" tests="6" name="com.gb.TestCases.NewCustomerPageTest" time="79.845" errors="0" timestamp="2023-08-03T21:12:33 IST" skipped="0">
  <testcase classname="com.gb.TestCases.NewCustomerPageTest" name="NewCustomerpageTitleTest" time="11.173"/>
  <testcase classname="com.gb.TestCases.NewCustomerPageTest" name="Validatecreatenewcustomer" time="14.715"/>
  <testcase classname="com.gb.TestCases.NewCustomerPageTest" name="Validatecreatenewcustomer" time="14.795"/>
  <testcase classname="com.gb.TestCases.NewCustomerPageTest" name="Validatecreatenewcustomer" time="12.009"/>
  <testcase classname="com.gb.TestCases.NewCustomerPageTest" name="Validatecreatenewcustomer" time="15.162"/>
  <testcase classname="com.gb.TestCases.NewCustomerPageTest" name="Validatecreatenewcustomer" time="11.991"/>
</testsuite> <!-- com.gb.TestCases.NewCustomerPageTest -->
