<?xml version="1.0" encoding="UTF-8"?>
<!-- Generated by org.testng.reporters.JUnitReportReporter -->
<testsuite hostname="ATUL" failures="0" tests="3" name="com.gb.TestCases.HomePageTest" time="39.765" errors="0" timestamp="2023-08-03T21:12:33 IST" skipped="0">
  <testcase classname="com.gb.TestCases.HomePageTest" name="verifyManagerHomePageTitleTest" time="13.620"/>
  <testcase classname="com.gb.TestCases.HomePageTest" name="verifyManagerHomepageHeadingTest" time="13.384"/>
  <testcase classname="com.gb.TestCases.HomePageTest" name="verifyManagerIdTest" time="12.761"/>
</testsuite> <!-- com.gb.TestCases.HomePageTest -->
